<?xml version="1.0" encoding="UTF-8"?>
<!-- Generated by org.testng.reporters.JUnitReportReporter -->
<testsuite hostname="Monikas-MacBook-Pro.local" failures="0" tests="1" name="testscripts.PostFacebookStatus" time="26.136" errors="0" timestamp="2021-05-16T13:32:31 IST" skipped="0">
  <testcase classname="testscripts.PostFacebookStatus" name="loginAndPostFacebookStatus" time="26.136"/>
  <system-out/>
</testsuite> <!-- testscripts.PostFacebookStatus -->
